[debug] [2026-01-20T23:10:46.898Z] [Firebase Plugin] Activating Firebase extension.
[debug] [2026-01-20T23:11:10.549Z] [Firebase Plugin] requireAuthWrapper
[debug] [2026-01-20T23:11:10.552Z] > command requires scopes: ["email","openid","https://www.googleapis.com/auth/cloudplatformprojects.readonly","https://www.googleapis.com/auth/firebase","https://www.googleapis.com/auth/cloud-platform"]
[debug] [2026-01-20T23:11:10.553Z] > authorizing via signed-in user (contato.raphaelinacio@gmail.com)
[debug] [2026-01-20T23:11:10.558Z] Checked if tokens are valid: false, expires at: 1768910193522
[debug] [2026-01-20T23:11:10.559Z] Checked if tokens are valid: false, expires at: 1768910193522
[debug] [2026-01-20T23:11:10.559Z] > refreshing access token with scopes: []
[debug] [2026-01-20T23:11:10.562Z] >>> [apiv2][query] POST https://www.googleapis.com/oauth2/v3/token [none]
[debug] [2026-01-20T23:11:10.562Z] >>> [apiv2][body] POST https://www.googleapis.com/oauth2/v3/token [omitted]
[debug] [2026-01-20T23:11:10.576Z] [Firebase Plugin] VSCode notification server listening on port 40001
[info] [Firebase Plugin] Starting Data Connect toolkit (version 3.0.2) on port 50001
[debug] [2026-01-20T23:11:11.448Z] 'fdc build' failed with error: Unable to build your Data Connect schema and connectors (exit code 1): E0120 20:11:11.428258   24272 cmd.go:43] Error loading data connect config: could not find dataconnect.yaml in `c:\Users\conta\developer\desafio-dos-depositos\dataconnect`
 {"metadata":{"emulator":{"name":"dataconnect"},"message":"'fdc build' failed with error: Unable to build your Data Connect schema and connectors (exit code 1): E0120 20:11:11.428258   24272 cmd.go:43] Error loading data connect config: could not find dataconnect.yaml in `c:\\Users\\conta\\developer\\desafio-dos-depositos\\dataconnect`\n"}}
[debug] [2026-01-20T23:11:11.449Z] Ignoring unsupported arg: auto_download {"metadata":{"emulator":{"name":"dataconnect"},"message":"Ignoring unsupported arg: auto_download"}}
[debug] [2026-01-20T23:11:11.449Z] Ignoring unsupported arg: port {"metadata":{"emulator":{"name":"dataconnect"},"message":"Ignoring unsupported arg: port"}}
[debug] [2026-01-20T23:11:11.450Z] Starting Data Connect Emulator with command {"binary":"C:\\Users\\conta\\.cache\\firebase\\emulators\\dataconnect-emulator-3.0.2.exe","args":["--logtostderr","-v=2","dev","--listen=localhost:50001","--config_dir=c:\\Users\\conta\\developer\\desafio-dos-depositos\\dataconnect","--enable_output_schema_extensions=true","--enable_output_generated_sdk=true"],"optionalArgs":["listen","config_dir","enable_output_schema_extensions","enable_output_generated_sdk"],"joinArgs":true,"shell":false,"port":9399} {"metadata":{"emulator":{"name":"dataconnect"},"message":"Starting Data Connect Emulator with command {\"binary\":\"C:\\\\Users\\\\conta\\\\.cache\\\\firebase\\\\emulators\\\\dataconnect-emulator-3.0.2.exe\",\"args\":[\"--logtostderr\",\"-v=2\",\"dev\",\"--listen=localhost:50001\",\"--config_dir=c:\\\\Users\\\\conta\\\\developer\\\\desafio-dos-depositos\\\\dataconnect\",\"--enable_output_schema_extensions=true\",\"--enable_output_generated_sdk=true\"],\"optionalArgs\":[\"listen\",\"config_dir\",\"enable_output_schema_extensions\",\"enable_output_generated_sdk\"],\"joinArgs\":true,\"shell\":false,\"port\":9399}"}}
[info] i  dataconnect: Data Connect Emulator logging to dataconnect-debug.log {"metadata":{"emulator":{"name":"dataconnect"},"message":"Data Connect Emulator logging to \u001b[1mdataconnect-debug.log\u001b[22m"}}
[debug] [2026-01-20T23:11:11.540Z] E0120 20:11:11.509787   18312 dev.go:83] Failed to load initial config from "c:\\Users\\conta\\developer\\desafio-dos-depositos\\dataconnect": could not find dataconnect.yaml in `c:\Users\conta\developer\desafio-dos-depositos\dataconnect`
E0120 20:11:11.532300   18312 watch.go:116] watchAllDir unable to walk dir `c:\Users\conta\developer\desafio-dos-depositos\dataconnect`: CreateFile c:\Users\conta\developer\desafio-dos-depositos\dataconnect: The system cannot find the file specified.
 {"metadata":{"emulator":{"name":"dataconnect"},"message":"E0120 20:11:11.509787   18312 dev.go:83] Failed to load initial config from \"c:\\\\Users\\\\conta\\\\developer\\\\desafio-dos-depositos\\\\dataconnect\": could not find dataconnect.yaml in `c:\\Users\\conta\\developer\\desafio-dos-depositos\\dataconnect`\nE0120 20:11:11.532300   18312 watch.go:116] watchAllDir unable to walk dir `c:\\Users\\conta\\developer\\desafio-dos-depositos\\dataconnect`: CreateFile c:\\Users\\conta\\developer\\desafio-dos-depositos\\dataconnect: The system cannot find the file specified.\n"}}
[debug] [2026-01-20T23:11:11.579Z] I0120 20:11:11.556006   18312 dev.go:104] Listening on address (HTTP + gRPC): 127.0.0.1:50001
 {"metadata":{"emulator":{"name":"dataconnect"},"message":"I0120 20:11:11.556006   18312 dev.go:104] Listening on address (HTTP + gRPC): 127.0.0.1:50001\n"}}
[debug] [2026-01-20T23:11:11.781Z] <<< [apiv2][status] POST https://www.googleapis.com/oauth2/v3/token 200
[debug] [2026-01-20T23:11:11.781Z] <<< [apiv2][body] POST https://www.googleapis.com/oauth2/v3/token [omitted]
[debug] [2026-01-20T23:11:11.846Z] [Firebase Plugin] User found:  contato.raphaelinacio@gmail.com
[info] [Firebase Plugin] (Core:Project) New user detected, fetching projects
[debug] [2026-01-20T23:11:11.850Z] Checked if tokens are valid: true, expires at: 1768954270782
[debug] [2026-01-20T23:11:11.852Z] >>> [apiv2][query] GET https://firebase.googleapis.com/v1beta1/projects pageSize=1000
[error] [Firebase Plugin] error:  {}
[debug] [2026-01-20T23:11:12.791Z] <<< [apiv2][status] GET https://firebase.googleapis.com/v1beta1/projects 200
[debug] [2026-01-20T23:11:12.792Z] <<< [apiv2][body] GET https://firebase.googleapis.com/v1beta1/projects [omitted]
[debug] [2026-01-20T23:11:21.534Z] E0120 20:11:21.533536   18312 watch.go:40] Failed to load config from "c:\\Users\\conta\\developer\\desafio-dos-depositos\\dataconnect": could not find dataconnect.yaml in `c:\Users\conta\developer\desafio-dos-depositos\dataconnect`
 {"metadata":{"emulator":{"name":"dataconnect"},"message":"E0120 20:11:21.533536   18312 watch.go:40] Failed to load config from \"c:\\\\Users\\\\conta\\\\developer\\\\desafio-dos-depositos\\\\dataconnect\": could not find dataconnect.yaml in `c:\\Users\\conta\\developer\\desafio-dos-depositos\\dataconnect`\n"}}
[debug] [2026-01-20T23:11:31.533Z] E0120 20:11:31.532970   18312 watch.go:40] Failed to load config from "c:\\Users\\conta\\developer\\desafio-dos-depositos\\dataconnect": could not find dataconnect.yaml in `c:\Users\conta\developer\desafio-dos-depositos\dataconnect`
 {"metadata":{"emulator":{"name":"dataconnect"},"message":"E0120 20:11:31.532970   18312 watch.go:40] Failed to load config from \"c:\\\\Users\\\\conta\\\\developer\\\\desafio-dos-depositos\\\\dataconnect\": could not find dataconnect.yaml in `c:\\Users\\conta\\developer\\desafio-dos-depositos\\dataconnect`\n"}}
[debug] [2026-01-20T23:11:41.534Z] E0120 20:11:41.533800   18312 watch.go:40] Failed to load config from "c:\\Users\\conta\\developer\\desafio-dos-depositos\\dataconnect": could not find dataconnect.yaml in `c:\Users\conta\developer\desafio-dos-depositos\dataconnect`
 {"metadata":{"emulator":{"name":"dataconnect"},"message":"E0120 20:11:41.533800   18312 watch.go:40] Failed to load config from \"c:\\\\Users\\\\conta\\\\developer\\\\desafio-dos-depositos\\\\dataconnect\": could not find dataconnect.yaml in `c:\\Users\\conta\\developer\\desafio-dos-depositos\\dataconnect`\n"}}
[debug] [2026-01-20T23:11:51.534Z] E0120 20:11:51.533586   18312 watch.go:40] Failed to load config from "c:\\Users\\conta\\developer\\desafio-dos-depositos\\dataconnect": could not find dataconnect.yaml in `c:\Users\conta\developer\desafio-dos-depositos\dataconnect`
 {"metadata":{"emulator":{"name":"dataconnect"},"message":"E0120 20:11:51.533586   18312 watch.go:40] Failed to load config from \"c:\\\\Users\\\\conta\\\\developer\\\\desafio-dos-depositos\\\\dataconnect\": could not find dataconnect.yaml in `c:\\Users\\conta\\developer\\desafio-dos-depositos\\dataconnect`\n"}}
[debug] [2026-01-20T23:12:01.533Z] E0120 20:12:01.533562   18312 watch.go:40] Failed to load config from "c:\\Users\\conta\\developer\\desafio-dos-depositos\\dataconnect": could not find dataconnect.yaml in `c:\Users\conta\developer\desafio-dos-depositos\dataconnect`
 {"metadata":{"emulator":{"name":"dataconnect"},"message":"E0120 20:12:01.533562   18312 watch.go:40] Failed to load config from \"c:\\\\Users\\\\conta\\\\developer\\\\desafio-dos-depositos\\\\dataconnect\": could not find dataconnect.yaml in `c:\\Users\\conta\\developer\\desafio-dos-depositos\\dataconnect`\n"}}
[debug] [2026-01-20T23:12:11.533Z] E0120 20:12:11.533090   18312 watch.go:116] watchAllDir unable to walk dir `c:\Users\conta\developer\desafio-dos-depositos\dataconnect`: CreateFile c:\Users\conta\developer\desafio-dos-depositos\dataconnect: The system cannot find the file specified.
 {"metadata":{"emulator":{"name":"dataconnect"},"message":"E0120 20:12:11.533090   18312 watch.go:116] watchAllDir unable to walk dir `c:\\Users\\conta\\developer\\desafio-dos-depositos\\dataconnect`: CreateFile c:\\Users\\conta\\developer\\desafio-dos-depositos\\dataconnect: The system cannot find the file specified.\n"}}
[debug] [2026-01-20T23:12:11.534Z] E0120 20:12:11.533666   18312 watch.go:40] Failed to load config from "c:\\Users\\conta\\developer\\desafio-dos-depositos\\dataconnect": could not find dataconnect.yaml in `c:\Users\conta\developer\desafio-dos-depositos\dataconnect`
 {"metadata":{"emulator":{"name":"dataconnect"},"message":"E0120 20:12:11.533666   18312 watch.go:40] Failed to load config from \"c:\\\\Users\\\\conta\\\\developer\\\\desafio-dos-depositos\\\\dataconnect\": could not find dataconnect.yaml in `c:\\Users\\conta\\developer\\desafio-dos-depositos\\dataconnect`\n"}}
[debug] [2026-01-20T23:12:21.534Z] E0120 20:12:21.533835   18312 watch.go:40] Failed to load config from "c:\\Users\\conta\\developer\\desafio-dos-depositos\\dataconnect": could not find dataconnect.yaml in `c:\Users\conta\developer\desafio-dos-depositos\dataconnect`
 {"metadata":{"emulator":{"name":"dataconnect"},"message":"E0120 20:12:21.533835   18312 watch.go:40] Failed to load config from \"c:\\\\Users\\\\conta\\\\developer\\\\desafio-dos-depositos\\\\dataconnect\": could not find dataconnect.yaml in `c:\\Users\\conta\\developer\\desafio-dos-depositos\\dataconnect`\n"}}
[debug] [2026-01-20T23:12:31.533Z] E0120 20:12:31.532947   18312 watch.go:40] Failed to load config from "c:\\Users\\conta\\developer\\desafio-dos-depositos\\dataconnect": could not find dataconnect.yaml in `c:\Users\conta\developer\desafio-dos-depositos\dataconnect`
 {"metadata":{"emulator":{"name":"dataconnect"},"message":"E0120 20:12:31.532947   18312 watch.go:40] Failed to load config from \"c:\\\\Users\\\\conta\\\\developer\\\\desafio-dos-depositos\\\\dataconnect\": could not find dataconnect.yaml in `c:\\Users\\conta\\developer\\desafio-dos-depositos\\dataconnect`\n"}}
[debug] [2026-01-20T23:12:41.533Z] E0120 20:12:41.533669   18312 watch.go:40] Failed to load config from "c:\\Users\\conta\\developer\\desafio-dos-depositos\\dataconnect": could not find dataconnect.yaml in `c:\Users\conta\developer\desafio-dos-depositos\dataconnect`
 {"metadata":{"emulator":{"name":"dataconnect"},"message":"E0120 20:12:41.533669   18312 watch.go:40] Failed to load config from \"c:\\\\Users\\\\conta\\\\developer\\\\desafio-dos-depositos\\\\dataconnect\": could not find dataconnect.yaml in `c:\\Users\\conta\\developer\\desafio-dos-depositos\\dataconnect`\n"}}
[debug] [2026-01-20T23:12:51.533Z] E0120 20:12:51.533175   18312 watch.go:40] Failed to load config from "c:\\Users\\conta\\developer\\desafio-dos-depositos\\dataconnect": could not find dataconnect.yaml in `c:\Users\conta\developer\desafio-dos-depositos\dataconnect`
 {"metadata":{"emulator":{"name":"dataconnect"},"message":"E0120 20:12:51.533175   18312 watch.go:40] Failed to load config from \"c:\\\\Users\\\\conta\\\\developer\\\\desafio-dos-depositos\\\\dataconnect\": could not find dataconnect.yaml in `c:\\Users\\conta\\developer\\desafio-dos-depositos\\dataconnect`\n"}}
[debug] [2026-01-20T23:13:01.533Z] E0120 20:13:01.533311   18312 watch.go:40] Failed to load config from "c:\\Users\\conta\\developer\\desafio-dos-depositos\\dataconnect": could not find dataconnect.yaml in `c:\Users\conta\developer\desafio-dos-depositos\dataconnect`
 {"metadata":{"emulator":{"name":"dataconnect"},"message":"E0120 20:13:01.533311   18312 watch.go:40] Failed to load config from \"c:\\\\Users\\\\conta\\\\developer\\\\desafio-dos-depositos\\\\dataconnect\": could not find dataconnect.yaml in `c:\\Users\\conta\\developer\\desafio-dos-depositos\\dataconnect`\n"}}
[debug] [2026-01-20T23:13:11.533Z] E0120 20:13:11.533371   18312 watch.go:116] watchAllDir unable to walk dir `c:\Users\conta\developer\desafio-dos-depositos\dataconnect`: CreateFile c:\Users\conta\developer\desafio-dos-depositos\dataconnect: The system cannot find the file specified.
E0120 20:13:11.533887   18312 watch.go:40] Failed to load config from "c:\\Users\\conta\\developer\\desafio-dos-depositos\\dataconnect": could not find dataconnect.yaml in `c:\Users\conta\developer\desafio-dos-depositos\dataconnect`
 {"metadata":{"emulator":{"name":"dataconnect"},"message":"E0120 20:13:11.533371   18312 watch.go:116] watchAllDir unable to walk dir `c:\\Users\\conta\\developer\\desafio-dos-depositos\\dataconnect`: CreateFile c:\\Users\\conta\\developer\\desafio-dos-depositos\\dataconnect: The system cannot find the file specified.\nE0120 20:13:11.533887   18312 watch.go:40] Failed to load config from \"c:\\\\Users\\\\conta\\\\developer\\\\desafio-dos-depositos\\\\dataconnect\": could not find dataconnect.yaml in `c:\\Users\\conta\\developer\\desafio-dos-depositos\\dataconnect`\n"}}
[debug] [2026-01-20T23:13:21.534Z] E0120 20:13:21.533917   18312 watch.go:40] Failed to load config from "c:\\Users\\conta\\developer\\desafio-dos-depositos\\dataconnect": could not find dataconnect.yaml in `c:\Users\conta\developer\desafio-dos-depositos\dataconnect`
 {"metadata":{"emulator":{"name":"dataconnect"},"message":"E0120 20:13:21.533917   18312 watch.go:40] Failed to load config from \"c:\\\\Users\\\\conta\\\\developer\\\\desafio-dos-depositos\\\\dataconnect\": could not find dataconnect.yaml in `c:\\Users\\conta\\developer\\desafio-dos-depositos\\dataconnect`\n"}}
[debug] [2026-01-20T23:13:31.533Z] E0120 20:13:31.533817   18312 watch.go:40] Failed to load config from "c:\\Users\\conta\\developer\\desafio-dos-depositos\\dataconnect": could not find dataconnect.yaml in `c:\Users\conta\developer\desafio-dos-depositos\dataconnect`
 {"metadata":{"emulator":{"name":"dataconnect"},"message":"E0120 20:13:31.533817   18312 watch.go:40] Failed to load config from \"c:\\\\Users\\\\conta\\\\developer\\\\desafio-dos-depositos\\\\dataconnect\": could not find dataconnect.yaml in `c:\\Users\\conta\\developer\\desafio-dos-depositos\\dataconnect`\n"}}
[debug] [2026-01-20T23:13:41.533Z] E0120 20:13:41.533186   18312 watch.go:40] Failed to load config from "c:\\Users\\conta\\developer\\desafio-dos-depositos\\dataconnect": could not find dataconnect.yaml in `c:\Users\conta\developer\desafio-dos-depositos\dataconnect`
 {"metadata":{"emulator":{"name":"dataconnect"},"message":"E0120 20:13:41.533186   18312 watch.go:40] Failed to load config from \"c:\\\\Users\\\\conta\\\\developer\\\\desafio-dos-depositos\\\\dataconnect\": could not find dataconnect.yaml in `c:\\Users\\conta\\developer\\desafio-dos-depositos\\dataconnect`\n"}}
[debug] [2026-01-20T23:13:51.533Z] E0120 20:13:51.532961   18312 watch.go:40] Failed to load config from "c:\\Users\\conta\\developer\\desafio-dos-depositos\\dataconnect": could not find dataconnect.yaml in `c:\Users\conta\developer\desafio-dos-depositos\dataconnect`
 {"metadata":{"emulator":{"name":"dataconnect"},"message":"E0120 20:13:51.532961   18312 watch.go:40] Failed to load config from \"c:\\\\Users\\\\conta\\\\developer\\\\desafio-dos-depositos\\\\dataconnect\": could not find dataconnect.yaml in `c:\\Users\\conta\\developer\\desafio-dos-depositos\\dataconnect`\n"}}
[debug] [2026-01-20T23:14:01.533Z] E0120 20:14:01.533270   18312 watch.go:40] Failed to load config from "c:\\Users\\conta\\developer\\desafio-dos-depositos\\dataconnect": could not find dataconnect.yaml in `c:\Users\conta\developer\desafio-dos-depositos\dataconnect`
 {"metadata":{"emulator":{"name":"dataconnect"},"message":"E0120 20:14:01.533270   18312 watch.go:40] Failed to load config from \"c:\\\\Users\\\\conta\\\\developer\\\\desafio-dos-depositos\\\\dataconnect\": could not find dataconnect.yaml in `c:\\Users\\conta\\developer\\desafio-dos-depositos\\dataconnect`\n"}}
[debug] [2026-01-20T23:14:11.533Z] E0120 20:14:11.533058   18312 watch.go:116] watchAllDir unable to walk dir `c:\Users\conta\developer\desafio-dos-depositos\dataconnect`: CreateFile c:\Users\conta\developer\desafio-dos-depositos\dataconnect: The system cannot find the file specified.
 {"metadata":{"emulator":{"name":"dataconnect"},"message":"E0120 20:14:11.533058   18312 watch.go:116] watchAllDir unable to walk dir `c:\\Users\\conta\\developer\\desafio-dos-depositos\\dataconnect`: CreateFile c:\\Users\\conta\\developer\\desafio-dos-depositos\\dataconnect: The system cannot find the file specified.\n"}}
[debug] [2026-01-20T23:14:11.534Z] E0120 20:14:11.533852   18312 watch.go:40] Failed to load config from "c:\\Users\\conta\\developer\\desafio-dos-depositos\\dataconnect": could not find dataconnect.yaml in `c:\Users\conta\developer\desafio-dos-depositos\dataconnect`
 {"metadata":{"emulator":{"name":"dataconnect"},"message":"E0120 20:14:11.533852   18312 watch.go:40] Failed to load config from \"c:\\\\Users\\\\conta\\\\developer\\\\desafio-dos-depositos\\\\dataconnect\": could not find dataconnect.yaml in `c:\\Users\\conta\\developer\\desafio-dos-depositos\\dataconnect`\n"}}
[debug] [2026-01-20T23:14:21.534Z] E0120 20:14:21.534064   18312 watch.go:40] Failed to load config from "c:\\Users\\conta\\developer\\desafio-dos-depositos\\dataconnect": could not find dataconnect.yaml in `c:\Users\conta\developer\desafio-dos-depositos\dataconnect`
 {"metadata":{"emulator":{"name":"dataconnect"},"message":"E0120 20:14:21.534064   18312 watch.go:40] Failed to load config from \"c:\\\\Users\\\\conta\\\\developer\\\\desafio-dos-depositos\\\\dataconnect\": could not find dataconnect.yaml in `c:\\Users\\conta\\developer\\desafio-dos-depositos\\dataconnect`\n"}}
[debug] [2026-01-20T23:14:31.534Z] E0120 20:14:31.534169   18312 watch.go:40] Failed to load config from "c:\\Users\\conta\\developer\\desafio-dos-depositos\\dataconnect": could not find dataconnect.yaml in `c:\Users\conta\developer\desafio-dos-depositos\dataconnect`
 {"metadata":{"emulator":{"name":"dataconnect"},"message":"E0120 20:14:31.534169   18312 watch.go:40] Failed to load config from \"c:\\\\Users\\\\conta\\\\developer\\\\desafio-dos-depositos\\\\dataconnect\": could not find dataconnect.yaml in `c:\\Users\\conta\\developer\\desafio-dos-depositos\\dataconnect`\n"}}
[debug] [2026-01-20T23:14:41.534Z] E0120 20:14:41.533473   18312 watch.go:40] Failed to load config from "c:\\Users\\conta\\developer\\desafio-dos-depositos\\dataconnect": could not find dataconnect.yaml in `c:\Users\conta\developer\desafio-dos-depositos\dataconnect`
 {"metadata":{"emulator":{"name":"dataconnect"},"message":"E0120 20:14:41.533473   18312 watch.go:40] Failed to load config from \"c:\\\\Users\\\\conta\\\\developer\\\\desafio-dos-depositos\\\\dataconnect\": could not find dataconnect.yaml in `c:\\Users\\conta\\developer\\desafio-dos-depositos\\dataconnect`\n"}}
[debug] [2026-01-20T23:14:51.534Z] E0120 20:14:51.534597   18312 watch.go:40] Failed to load config from "c:\\Users\\conta\\developer\\desafio-dos-depositos\\dataconnect": could not find dataconnect.yaml in `c:\Users\conta\developer\desafio-dos-depositos\dataconnect`
 {"metadata":{"emulator":{"name":"dataconnect"},"message":"E0120 20:14:51.534597   18312 watch.go:40] Failed to load config from \"c:\\\\Users\\\\conta\\\\developer\\\\desafio-dos-depositos\\\\dataconnect\": could not find dataconnect.yaml in `c:\\Users\\conta\\developer\\desafio-dos-depositos\\dataconnect`\n"}}
[debug] [2026-01-20T23:15:01.533Z] E0120 20:15:01.532964   18312 watch.go:40] Failed to load config from "c:\\Users\\conta\\developer\\desafio-dos-depositos\\dataconnect": could not find dataconnect.yaml in `c:\Users\conta\developer\desafio-dos-depositos\dataconnect`
 {"metadata":{"emulator":{"name":"dataconnect"},"message":"E0120 20:15:01.532964   18312 watch.go:40] Failed to load config from \"c:\\\\Users\\\\conta\\\\developer\\\\desafio-dos-depositos\\\\dataconnect\": could not find dataconnect.yaml in `c:\\Users\\conta\\developer\\desafio-dos-depositos\\dataconnect`\n"}}
[debug] [2026-01-20T23:15:11.535Z] E0120 20:15:11.533176   18312 watch.go:116] watchAllDir unable to walk dir `c:\Users\conta\developer\desafio-dos-depositos\dataconnect`: CreateFile c:\Users\conta\developer\desafio-dos-depositos\dataconnect: The system cannot find the file specified.
 {"metadata":{"emulator":{"name":"dataconnect"},"message":"E0120 20:15:11.533176   18312 watch.go:116] watchAllDir unable to walk dir `c:\\Users\\conta\\developer\\desafio-dos-depositos\\dataconnect`: CreateFile c:\\Users\\conta\\developer\\desafio-dos-depositos\\dataconnect: The system cannot find the file specified.\n"}}
[debug] [2026-01-20T23:15:11.536Z] E0120 20:15:11.535567   18312 watch.go:40] Failed to load config from "c:\\Users\\conta\\developer\\desafio-dos-depositos\\dataconnect": could not find dataconnect.yaml in `c:\Users\conta\developer\desafio-dos-depositos\dataconnect`
 {"metadata":{"emulator":{"name":"dataconnect"},"message":"E0120 20:15:11.535567   18312 watch.go:40] Failed to load config from \"c:\\\\Users\\\\conta\\\\developer\\\\desafio-dos-depositos\\\\dataconnect\": could not find dataconnect.yaml in `c:\\Users\\conta\\developer\\desafio-dos-depositos\\dataconnect`\n"}}
[debug] [2026-01-20T23:15:21.535Z] E0120 20:15:21.534909   18312 watch.go:40] Failed to load config from "c:\\Users\\conta\\developer\\desafio-dos-depositos\\dataconnect": could not find dataconnect.yaml in `c:\Users\conta\developer\desafio-dos-depositos\dataconnect`
 {"metadata":{"emulator":{"name":"dataconnect"},"message":"E0120 20:15:21.534909   18312 watch.go:40] Failed to load config from \"c:\\\\Users\\\\conta\\\\developer\\\\desafio-dos-depositos\\\\dataconnect\": could not find dataconnect.yaml in `c:\\Users\\conta\\developer\\desafio-dos-depositos\\dataconnect`\n"}}
[debug] [2026-01-20T23:15:31.538Z] E0120 20:15:31.537816   18312 watch.go:40] Failed to load config from "c:\\Users\\conta\\developer\\desafio-dos-depositos\\dataconnect": could not find dataconnect.yaml in `c:\Users\conta\developer\desafio-dos-depositos\dataconnect`
 {"metadata":{"emulator":{"name":"dataconnect"},"message":"E0120 20:15:31.537816   18312 watch.go:40] Failed to load config from \"c:\\\\Users\\\\conta\\\\developer\\\\desafio-dos-depositos\\\\dataconnect\": could not find dataconnect.yaml in `c:\\Users\\conta\\developer\\desafio-dos-depositos\\dataconnect`\n"}}
[debug] [2026-01-20T23:15:41.533Z] E0120 20:15:41.533053   18312 watch.go:40] Failed to load config from "c:\\Users\\conta\\developer\\desafio-dos-depositos\\dataconnect": could not find dataconnect.yaml in `c:\Users\conta\developer\desafio-dos-depositos\dataconnect`
 {"metadata":{"emulator":{"name":"dataconnect"},"message":"E0120 20:15:41.533053   18312 watch.go:40] Failed to load config from \"c:\\\\Users\\\\conta\\\\developer\\\\desafio-dos-depositos\\\\dataconnect\": could not find dataconnect.yaml in `c:\\Users\\conta\\developer\\desafio-dos-depositos\\dataconnect`\n"}}
[debug] [2026-01-20T23:15:51.533Z] E0120 20:15:51.533790   18312 watch.go:40] Failed to load config from "c:\\Users\\conta\\developer\\desafio-dos-depositos\\dataconnect": could not find dataconnect.yaml in `c:\Users\conta\developer\desafio-dos-depositos\dataconnect`
 {"metadata":{"emulator":{"name":"dataconnect"},"message":"E0120 20:15:51.533790   18312 watch.go:40] Failed to load config from \"c:\\\\Users\\\\conta\\\\developer\\\\desafio-dos-depositos\\\\dataconnect\": could not find dataconnect.yaml in `c:\\Users\\conta\\developer\\desafio-dos-depositos\\dataconnect`\n"}}
[debug] [2026-01-20T23:16:01.533Z] E0120 20:16:01.533334   18312 watch.go:40] Failed to load config from "c:\\Users\\conta\\developer\\desafio-dos-depositos\\dataconnect": could not find dataconnect.yaml in `c:\Users\conta\developer\desafio-dos-depositos\dataconnect`
 {"metadata":{"emulator":{"name":"dataconnect"},"message":"E0120 20:16:01.533334   18312 watch.go:40] Failed to load config from \"c:\\\\Users\\\\conta\\\\developer\\\\desafio-dos-depositos\\\\dataconnect\": could not find dataconnect.yaml in `c:\\Users\\conta\\developer\\desafio-dos-depositos\\dataconnect`\n"}}
[debug] [2026-01-20T23:16:11.533Z] E0120 20:16:11.532998   18312 watch.go:116] watchAllDir unable to walk dir `c:\Users\conta\developer\desafio-dos-depositos\dataconnect`: CreateFile c:\Users\conta\developer\desafio-dos-depositos\dataconnect: The system cannot find the file specified.
 {"metadata":{"emulator":{"name":"dataconnect"},"message":"E0120 20:16:11.532998   18312 watch.go:116] watchAllDir unable to walk dir `c:\\Users\\conta\\developer\\desafio-dos-depositos\\dataconnect`: CreateFile c:\\Users\\conta\\developer\\desafio-dos-depositos\\dataconnect: The system cannot find the file specified.\n"}}
[debug] [2026-01-20T23:16:11.533Z] E0120 20:16:11.533504   18312 watch.go:40] Failed to load config from "c:\\Users\\conta\\developer\\desafio-dos-depositos\\dataconnect": could not find dataconnect.yaml in `c:\Users\conta\developer\desafio-dos-depositos\dataconnect`
 {"metadata":{"emulator":{"name":"dataconnect"},"message":"E0120 20:16:11.533504   18312 watch.go:40] Failed to load config from \"c:\\\\Users\\\\conta\\\\developer\\\\desafio-dos-depositos\\\\dataconnect\": could not find dataconnect.yaml in `c:\\Users\\conta\\developer\\desafio-dos-depositos\\dataconnect`\n"}}
[debug] [2026-01-20T23:16:21.536Z] E0120 20:16:21.536483   18312 watch.go:40] Failed to load config from "c:\\Users\\conta\\developer\\desafio-dos-depositos\\dataconnect": could not find dataconnect.yaml in `c:\Users\conta\developer\desafio-dos-depositos\dataconnect`
 {"metadata":{"emulator":{"name":"dataconnect"},"message":"E0120 20:16:21.536483   18312 watch.go:40] Failed to load config from \"c:\\\\Users\\\\conta\\\\developer\\\\desafio-dos-depositos\\\\dataconnect\": could not find dataconnect.yaml in `c:\\Users\\conta\\developer\\desafio-dos-depositos\\dataconnect`\n"}}
[debug] [2026-01-20T23:16:31.534Z] E0120 20:16:31.532963   18312 watch.go:40] Failed to load config from "c:\\Users\\conta\\developer\\desafio-dos-depositos\\dataconnect": could not find dataconnect.yaml in `c:\Users\conta\developer\desafio-dos-depositos\dataconnect`
 {"metadata":{"emulator":{"name":"dataconnect"},"message":"E0120 20:16:31.532963   18312 watch.go:40] Failed to load config from \"c:\\\\Users\\\\conta\\\\developer\\\\desafio-dos-depositos\\\\dataconnect\": could not find dataconnect.yaml in `c:\\Users\\conta\\developer\\desafio-dos-depositos\\dataconnect`\n"}}
[debug] [2026-01-20T23:16:41.534Z] E0120 20:16:41.533225   18312 watch.go:40] Failed to load config from "c:\\Users\\conta\\developer\\desafio-dos-depositos\\dataconnect": could not find dataconnect.yaml in `c:\Users\conta\developer\desafio-dos-depositos\dataconnect`
 {"metadata":{"emulator":{"name":"dataconnect"},"message":"E0120 20:16:41.533225   18312 watch.go:40] Failed to load config from \"c:\\\\Users\\\\conta\\\\developer\\\\desafio-dos-depositos\\\\dataconnect\": could not find dataconnect.yaml in `c:\\Users\\conta\\developer\\desafio-dos-depositos\\dataconnect`\n"}}
[debug] [2026-01-20T23:16:51.534Z] E0120 20:16:51.533949   18312 watch.go:40] Failed to load config from "c:\\Users\\conta\\developer\\desafio-dos-depositos\\dataconnect": could not find dataconnect.yaml in `c:\Users\conta\developer\desafio-dos-depositos\dataconnect`
 {"metadata":{"emulator":{"name":"dataconnect"},"message":"E0120 20:16:51.533949   18312 watch.go:40] Failed to load config from \"c:\\\\Users\\\\conta\\\\developer\\\\desafio-dos-depositos\\\\dataconnect\": could not find dataconnect.yaml in `c:\\Users\\conta\\developer\\desafio-dos-depositos\\dataconnect`\n"}}
[debug] [2026-01-20T23:17:01.534Z] E0120 20:17:01.533372   18312 watch.go:40] Failed to load config from "c:\\Users\\conta\\developer\\desafio-dos-depositos\\dataconnect": could not find dataconnect.yaml in `c:\Users\conta\developer\desafio-dos-depositos\dataconnect`
 {"metadata":{"emulator":{"name":"dataconnect"},"message":"E0120 20:17:01.533372   18312 watch.go:40] Failed to load config from \"c:\\\\Users\\\\conta\\\\developer\\\\desafio-dos-depositos\\\\dataconnect\": could not find dataconnect.yaml in `c:\\Users\\conta\\developer\\desafio-dos-depositos\\dataconnect`\n"}}
[debug] [2026-01-20T23:17:11.534Z] E0120 20:17:11.533480   18312 watch.go:116] watchAllDir unable to walk dir `c:\Users\conta\developer\desafio-dos-depositos\dataconnect`: CreateFile c:\Users\conta\developer\desafio-dos-depositos\dataconnect: The system cannot find the file specified.
E0120 20:17:11.533480   18312 watch.go:40] Failed to load config from "c:\\Users\\conta\\developer\\desafio-dos-depositos\\dataconnect": could not find dataconnect.yaml in `c:\Users\conta\developer\desafio-dos-depositos\dataconnect`
 {"metadata":{"emulator":{"name":"dataconnect"},"message":"E0120 20:17:11.533480   18312 watch.go:116] watchAllDir unable to walk dir `c:\\Users\\conta\\developer\\desafio-dos-depositos\\dataconnect`: CreateFile c:\\Users\\conta\\developer\\desafio-dos-depositos\\dataconnect: The system cannot find the file specified.\nE0120 20:17:11.533480   18312 watch.go:40] Failed to load config from \"c:\\\\Users\\\\conta\\\\developer\\\\desafio-dos-depositos\\\\dataconnect\": could not find dataconnect.yaml in `c:\\Users\\conta\\developer\\desafio-dos-depositos\\dataconnect`\n"}}
[debug] [2026-01-20T23:17:21.534Z] E0120 20:17:21.533933   18312 watch.go:40] Failed to load config from "c:\\Users\\conta\\developer\\desafio-dos-depositos\\dataconnect": could not find dataconnect.yaml in `c:\Users\conta\developer\desafio-dos-depositos\dataconnect`
 {"metadata":{"emulator":{"name":"dataconnect"},"message":"E0120 20:17:21.533933   18312 watch.go:40] Failed to load config from \"c:\\\\Users\\\\conta\\\\developer\\\\desafio-dos-depositos\\\\dataconnect\": could not find dataconnect.yaml in `c:\\Users\\conta\\developer\\desafio-dos-depositos\\dataconnect`\n"}}
[debug] [2026-01-20T23:17:31.533Z] E0120 20:17:31.533295   18312 watch.go:40] Failed to load config from "c:\\Users\\conta\\developer\\desafio-dos-depositos\\dataconnect": could not find dataconnect.yaml in `c:\Users\conta\developer\desafio-dos-depositos\dataconnect`
 {"metadata":{"emulator":{"name":"dataconnect"},"message":"E0120 20:17:31.533295   18312 watch.go:40] Failed to load config from \"c:\\\\Users\\\\conta\\\\developer\\\\desafio-dos-depositos\\\\dataconnect\": could not find dataconnect.yaml in `c:\\Users\\conta\\developer\\desafio-dos-depositos\\dataconnect`\n"}}
